<?xml version="1.0" encoding="UTF-8"?>
<testng-results ignored="0" total="1" passed="1" failed="0" skipped="0">
  <reporter-output>
  </reporter-output>
  <suite started-at="2022-01-20T08:59:25 IST" name="Default suite" finished-at="2022-01-20T08:59:44 IST" duration-ms="19002">
    <groups>
    </groups>
    <test started-at="2022-01-20T08:59:25 IST" name="Default test" finished-at="2022-01-20T08:59:44 IST" duration-ms="19002">
      <class name="ttds.Dharshan">
        <test-method is-config="true" signature="startReport()[pri:0, instance:ttds.Dharshan@2c1b194a]" started-at="2022-01-20T08:59:25 IST" name="startReport" finished-at="2022-01-20T08:59:26 IST" duration-ms="480" status="PASS">
          <reporter-output>
          </reporter-output>
        </test-method> <!-- startReport -->
        <test-method signature="page()[pri:0, instance:ttds.Dharshan@2c1b194a]" started-at="2022-01-20T08:59:26 IST" name="page" finished-at="2022-01-20T08:59:39 IST" duration-ms="13548" status="PASS">
          <reporter-output>
          </reporter-output>
        </test-method> <!-- page -->
        <test-method is-config="true" signature="getResult(org.testng.ITestResult)[pri:0, instance:ttds.Dharshan@2c1b194a]" started-at="2022-01-20T08:59:39 IST" name="getResult" finished-at="2022-01-20T08:59:40 IST" duration-ms="316" status="PASS">
          <params>
            <param index="0">
              <value>
                <![CDATA[[TestResult name=page status=SUCCESS method=Dharshan.page()[pri:0, instance:ttds.Dharshan@2c1b194a] output={null}]]]>
              </value>
            </param>
          </params>
          <reporter-output>
          </reporter-output>
        </test-method> <!-- getResult -->
        <test-method is-config="true" signature="endReport()[pri:0, instance:ttds.Dharshan@2c1b194a]" started-at="2022-01-20T08:59:40 IST" name="endReport" finished-at="2022-01-20T08:59:44 IST" duration-ms="4578" status="PASS">
          <reporter-output>
          </reporter-output>
        </test-method> <!-- endReport -->
      </class> <!-- ttds.Dharshan -->
    </test> <!-- Default test -->
  </suite> <!-- Default suite -->
</testng-results>
